#
# A fatal error has been detected by the Java Runtime Environment:
#
#  Internal Error (javaCalls.cpp:51), pid=44456, tid=0x000000000000d3c8
#  guarantee(thread->is_Java_thread()) failed: crucial check - the VM thread cannot and must not escape to Java code
#
# JRE version: Java(TM) SE Runtime Environment (8.0_181-b13) (build 1.8.0_181-b13)
# Java VM: Java HotSpot(TM) 64-Bit Server VM (25.181-b13 mixed mode windows-amd64 compressed oops)
# Failed to write core dump. Minidumps are not enabled by default on client versions of Windows
#
# If you would like to submit a bug report, please visit:
#   http://bugreport.java.com/bugreport/crash.jsp
#

---------------  T H R E A D  ---------------

Current thread (0x0000000017747000):  VMThread [stack: 0x00000000187d0000,0x00000000188d0000] [id=54216]

Stack: [0x00000000187d0000,0x00000000188d0000]
[error occurred during error reporting (printing stack bounds), id 0xc0000005]

Native frames: (J=compiled Java code, j=interpreted, Vv=VM code, C=native code)

VM_Operation (0x000000001922f3b0): GetOrSetLocal, mode: safepoint, requested by thread 0x00000000177a8000


---------------  P R O C E S S  ---------------

Java Threads: ( => current thread )
  0x0000000018c4f000 JavaThread "Service Thread" daemon [_thread_blocked, id=37540, stack(0x0000000019730000,0x0000000019830000)]
  0x0000000018c46800 JavaThread "C1 CompilerThread2" daemon [_thread_blocked, id=54836, stack(0x0000000019630000,0x0000000019730000)]
  0x0000000018be7000 JavaThread "C2 CompilerThread1" daemon [_thread_blocked, id=8632, stack(0x0000000019530000,0x0000000019630000)]
  0x0000000018bdf800 JavaThread "C2 CompilerThread0" daemon [_thread_blocked, id=57620, stack(0x0000000019430000,0x0000000019530000)]
  0x00000000177ba800 JavaThread "JDWP Command Reader" daemon [_thread_in_native, id=57076, stack(0x0000000019330000,0x0000000019430000)]
  0x00000000177b7800 JavaThread "JDWP Event Helper Thread" daemon [_thread_blocked, id=11000, stack(0x0000000019230000,0x0000000019330000)]
  0x00000000177a8000 JavaThread "JDWP Transport Listener: dt_socket" daemon [_thread_blocked, id=40052, stack(0x0000000019130000,0x0000000019230000)]
  0x0000000017792000 JavaThread "Attach Listener" daemon [_thread_blocked, id=10896, stack(0x0000000019030000,0x0000000019130000)]
  0x00000000177a4000 JavaThread "Signal Dispatcher" daemon [_thread_blocked, id=49792, stack(0x0000000018f30000,0x0000000019030000)]
  0x0000000002c19000 JavaThread "Finalizer" daemon [_thread_blocked, id=54220, stack(0x00000000189d0000,0x0000000018ad0000)]
  0x0000000002c16800 JavaThread "Reference Handler" daemon [_thread_blocked, id=64012, stack(0x00000000188d0000,0x00000000189d0000)]
  0x0000000002b23800 JavaThread "main" [_thread_blocked, id=44588, stack(0x00000000028d0000,0x00000000029d0000)]

Other Threads:
=>0x0000000017747000 VMThread [stack: 0x00000000187d0000,0x00000000188d0000] [id=54216]
  0x0000000018c65000 WatcherThread [stack: 0x0000000019830000,0x0000000019930000] [id=25624]

VM state:at safepoint (normal execution)

VM Mutex/Monitor currently owned by a thread:  ([mutex/lock_event])
[0x0000000002b20450] Threads_lock - owner thread: 0x0000000017747000

Heap:
 PSYoungGen      total 38400K, used 3332K [0x00000000d5d00000, 0x00000000d8780000, 0x0000000100000000)
  eden space 33280K, 10% used [0x00000000d5d00000,0x00000000d6041378,0x00000000d7d80000)
  from space 5120K, 0% used [0x00000000d8280000,0x00000000d8280000,0x00000000d8780000)
  to   space 5120K, 0% used [0x00000000d7d80000,0x00000000d7d80000,0x00000000d8280000)
 ParOldGen       total 87552K, used 0K [0x0000000081600000, 0x0000000086b80000, 0x00000000d5d00000)
  object space 87552K, 0% used [0x0000000081600000,0x0000000081600000,0x0000000086b80000)
 Metaspace       used 3285K, capacity 4600K, committed 4864K, reserved 1056768K
  class space    used 352K, capacity 424K, committed 512K, reserved 1048576K

Card table byte_map: [0x0000000011fe0000,0x00000000123e0000] byte_map_base: 0x0000000011bd5000

Marking Bits: (ParMarkBitMap*) 0x00000000508a2d00
 Begin Bits: [0x0000000012a90000, 0x0000000014a38000)
 End Bits:   [0x0000000014a38000, 0x00000000169e0000)

Polling page: 0x0000000000d70000

CodeCache: size=245760Kb used=1110Kb max_used=1110Kb free=244649Kb
 bounds [0x0000000002c20000, 0x0000000002e90000, 0x0000000011c20000]
 total_blobs=266 nmethods=25 adapters=162
 compilation: enabled

Compilation events (10 events):
Event: 0.507 Thread 0x0000000018c46800   22       3       java.lang.AbstractStringBuilder::append (29 bytes)
Event: 0.508 Thread 0x0000000018c46800 nmethod 22 0x0000000002d34150 code [0x0000000002d34300, 0x0000000002d34838]
Event: 0.508 Thread 0x0000000018c46800   21  s    3       java.lang.StringBuffer::append (13 bytes)
Event: 0.508 Thread 0x0000000018c46800 nmethod 21 0x0000000002d33450 code [0x0000000002d33600, 0x0000000002d33d38]
Event: 0.508 Thread 0x0000000018c46800   25       3       java.io.WinNTFileSystem::isSlash (18 bytes)
Event: 0.508 Thread 0x0000000018c46800 nmethod 25 0x0000000002d30d10 code [0x0000000002d30e60, 0x0000000002d31050]
Event: 0.508 Thread 0x0000000018c46800   24       3       java.lang.StringBuilder::append (8 bytes)
Event: 0.509 Thread 0x0000000018c46800 nmethod 24 0x0000000002d32990 code [0x0000000002d32b40, 0x0000000002d330d8]
Event: 0.509 Thread 0x0000000018c46800   23       3       java.lang.String::getChars (62 bytes)
Event: 0.509 Thread 0x0000000018c46800 nmethod 23 0x0000000002d35290 code [0x0000000002d35460, 0x0000000002d35918]

GC Heap History (0 events):
No events

Deoptimization events (0 events):
No events

Classes redefined (3 events):
Event: 59.642 Thread 0x0000000017747000 redefined class name=jianZhi.Day17GetLeastNumbers_Solution, count=1
Event: 179.344 Thread 0x0000000017747000 redefined class name=jianZhi.Day17GetLeastNumbers_Solution, count=2
Event: 205.467 Thread 0x0000000017747000 redefined class name=jianZhi.Day17GetLeastNumbers_Solution, count=3

Internal exceptions (2 events):
Event: 0.055 Thread 0x0000000002b23800 Exception <a 'java/lang/NoSuchMethodError': Method sun.misc.Unsafe.defineClass(Ljava/lang/String;[BII)Ljava/lang/Class; name or signature does not match> (0x00000000d5d07cb0) thrown at [C:\re\workspace\8-2-build-windows-amd64-cygwin\jdk8u181\11358\hotspot
Event: 0.055 Thread 0x0000000002b23800 Exception <a 'java/lang/NoSuchMethodError': Method sun.misc.Unsafe.prefetchRead(Ljava/lang/Object;J)V name or signature does not match> (0x00000000d5d07f98) thrown at [C:\re\workspace\8-2-build-windows-amd64-cygwin\jdk8u181\11358\hotspot\src\share\vm\prim

Events (10 events):
Event: 180.061 Executing VM operation: GetOrSetLocal done
Event: 180.061 Executing VM operation: GetOrSetLocal
Event: 180.061 Executing VM operation: GetOrSetLocal done
Event: 205.464 Executing VM operation: ChangeBreakpoints
Event: 205.464 Executing VM operation: ChangeBreakpoints done
Event: 205.464 Executing VM operation: ChangeBreakpoints
Event: 205.464 Executing VM operation: ChangeBreakpoints done
Event: 205.466 Executing VM operation: RedefineClasses
Event: 205.467 Executing VM operation: RedefineClasses done
Event: 205.468 Executing VM operation: GetOrSetLocal


Dynamic libraries:
0x00007ff7ca320000 - 0x00007ff7ca357000 	D:\JDK1.8\bin\java.exe
0x00007ffeacb30000 - 0x00007ffeacd0b000 	C:\Windows\SYSTEM32\ntdll.dll
0x00007ffeaa350000 - 0x00007ffeaa3fe000 	C:\Windows\System32\KERNEL32.DLL
0x00007ffea9320000 - 0x00007ffea9569000 	C:\Windows\System32\KERNELBASE.dll
0x00007ffeac400000 - 0x00007ffeac4a1000 	C:\Windows\System32\ADVAPI32.dll
0x00007ffeaa400000 - 0x00007ffeaa49d000 	C:\Windows\System32\msvcrt.dll
0x00007ffeaa090000 - 0x00007ffeaa0e9000 	C:\Windows\System32\sechost.dll
0x00007ffeaa170000 - 0x00007ffeaa295000 	C:\Windows\System32\RPCRT4.dll
0x00007ffeac810000 - 0x00007ffeac95a000 	C:\Windows\System32\USER32.dll
0x00007ffeaa070000 - 0x00007ffeaa08e000 	C:\Windows\System32\win32u.dll
0x00007ffeac3d0000 - 0x00007ffeac3f7000 	C:\Windows\System32\GDI32.dll
0x00007ffea9ee0000 - 0x00007ffeaa069000 	C:\Windows\System32\gdi32full.dll
0x00007ffea9740000 - 0x00007ffea97da000 	C:\Windows\System32\msvcp_win.dll
0x00007ffea9170000 - 0x00007ffea9266000 	C:\Windows\System32\ucrtbase.dll
0x00007ffe9c840000 - 0x00007ffe9caa7000 	C:\Windows\WinSxS\amd64_microsoft.windows.common-controls_6595b64144ccf1df_6.0.15063.0_none_108e4f62dfe5d999\COMCTL32.dll
0x00007ffeac050000 - 0x00007ffeac349000 	C:\Windows\System32\combase.dll
0x00007ffea90a0000 - 0x00007ffea910a000 	C:\Windows\System32\bcryptPrimitives.dll
0x00007ffeac960000 - 0x00007ffeac98d000 	C:\Windows\System32\IMM32.DLL
0x0000000050930000 - 0x0000000050a02000 	D:\JDK1.8\jre\bin\msvcr100.dll
0x0000000050080000 - 0x0000000050922000 	D:\JDK1.8\jre\bin\server\jvm.dll
0x00007ffeac5d0000 - 0x00007ffeac5d8000 	C:\Windows\System32\PSAPI.DLL
0x00007ffea31a0000 - 0x00007ffea31a9000 	C:\Windows\SYSTEM32\WSOCK32.dll
0x00007ffea6eb0000 - 0x00007ffea6ed3000 	C:\Windows\SYSTEM32\WINMM.dll
0x00007ffeaa8e0000 - 0x00007ffeaa94c000 	C:\Windows\System32\WS2_32.dll
0x00007ffea1090000 - 0x00007ffea109a000 	C:\Windows\SYSTEM32\VERSION.dll
0x00007ffea6d50000 - 0x00007ffea6d7b000 	C:\Windows\SYSTEM32\WINMMBASE.dll
0x00007ffea9050000 - 0x00007ffea9099000 	C:\Windows\System32\cfgmgr32.dll
0x0000000051350000 - 0x000000005135f000 	D:\JDK1.8\jre\bin\verify.dll
0x0000000051320000 - 0x0000000051349000 	D:\JDK1.8\jre\bin\java.dll
0x00000000512c0000 - 0x00000000512f5000 	D:\JDK1.8\jre\bin\jdwp.dll
0x00000000512b0000 - 0x00000000512b8000 	D:\JDK1.8\jre\bin\npt.dll
0x0000000050050000 - 0x0000000050073000 	D:\JDK1.8\jre\bin\instrument.dll
0x0000000051300000 - 0x0000000051316000 	D:\JDK1.8\jre\bin\zip.dll
0x00007ffeaa950000 - 0x00007ffeabd87000 	C:\Windows\System32\SHELL32.dll
0x00007ffeaa2a0000 - 0x00007ffeaa34a000 	C:\Windows\System32\shcore.dll
0x00007ffea97e0000 - 0x00007ffea9ed2000 	C:\Windows\System32\windows.storage.dll
0x00007ffeac5e0000 - 0x00007ffeac631000 	C:\Windows\System32\shlwapi.dll
0x00007ffea8ff0000 - 0x00007ffea9001000 	C:\Windows\System32\kernel.appcore.dll
0x00007ffea8fa0000 - 0x00007ffea8fec000 	C:\Windows\System32\powrprof.dll
0x00007ffea9010000 - 0x00007ffea9025000 	C:\Windows\System32\profapi.dll
0x00000000512a0000 - 0x00000000512a9000 	D:\JDK1.8\jre\bin\dt_socket.dll
0x00007ffea88b0000 - 0x00007ffea890c000 	C:\Windows\system32\mswsock.dll

VM Arguments:
jvm_args: -agentlib:jdwp=transport=dt_socket,address=127.0.0.1:49826,suspend=y,server=n -javaagent:C:\Users\ZwZѽѽӴ\.IntelliJIdea2018.2\system\captureAgent\debugger-agent.jar=file:/C:/Users/ZwZ%E5%91%80%E5%92%BF%E5%91%80%E5%92%BF%E5%93%9F/AppData/Local/Temp/capture.props -Dfile.encoding=UTF-8 
java_command: jianZhi.Day17GetLeastNumbers_Solution
java_class_path (initial): D:\JDK1.8\jre\lib\charsets.jar;D:\JDK1.8\jre\lib\deploy.jar;D:\JDK1.8\jre\lib\ext\access-bridge-64.jar;D:\JDK1.8\jre\lib\ext\cldrdata.jar;D:\JDK1.8\jre\lib\ext\dnsns.jar;D:\JDK1.8\jre\lib\ext\jaccess.jar;D:\JDK1.8\jre\lib\ext\jfxrt.jar;D:\JDK1.8\jre\lib\ext\localedata.jar;D:\JDK1.8\jre\lib\ext\nashorn.jar;D:\JDK1.8\jre\lib\ext\sunec.jar;D:\JDK1.8\jre\lib\ext\sunjce_provider.jar;D:\JDK1.8\jre\lib\ext\sunmscapi.jar;D:\JDK1.8\jre\lib\ext\sunpkcs11.jar;D:\JDK1.8\jre\lib\ext\zipfs.jar;D:\JDK1.8\jre\lib\javaws.jar;D:\JDK1.8\jre\lib\jce.jar;D:\JDK1.8\jre\lib\jfr.jar;D:\JDK1.8\jre\lib\jfxswt.jar;D:\JDK1.8\jre\lib\jsse.jar;D:\JDK1.8\jre\lib\management-agent.jar;D:\JDK1.8\jre\lib\plugin.jar;D:\JDK1.8\jre\lib\resources.jar;D:\JDK1.8\jre\lib\rt.jar;D:\IntelliJ IDEA cunchu\arithmetic\out\production\arithmetic;D:\MavenLocalRepository\junit\junit\4.4\junit-4.4.jar;D:\Intellij IDEA\IntelliJ IDEA 2018.2.2\lib\idea_rt.jar;C:\Users\ZwZѽѽӴ\.IntelliJIdea2018.2\system\captureAgent\debugger-agent.jar
Launcher Type: SUN_STANDARD

Environment Variables:
JAVA_HOME=D:\JDK1.8
CLASSPATH=D:\Tomcat9\apache-tomcat-9.0.10\lib\servlet-api.jar;
PATH=C:\Program Files (x86)\Common Files\Oracle\Java\javapath;C:\Program Files (x86)\MySQL\MySQL Server 5.0\bin\;C:\Program Files\Microsoft MPI\Bin\;C:\Windows\system32;C:\Windows;C:\Windows\System32\Wbem;C:\Windows\System32\WindowsPowerShell\v1.0\;C:\Program Files\Microsoft SQL Server\Client SDK\ODBC\130\Tools\Binn\;C:\Program Files (x86)\Microsoft SQL Server\140\Tools\Binn\;C:\Program Files\Microsoft SQL Server\140\Tools\Binn\;C:\Program Files\Microsoft SQL Server\140\DTS\Binn\;C:\Program Files (x86)\Microsoft SQL Server\140\DTS\Binn\;C:\Program Files\Microsoft SQL Server\110\DTS\Binn\;C:\Program Files (x86)\Microsoft SQL Server\110\Tools\Binn\ManagementStudio\;C:\Program Files (x86)\Microsoft SQL Server\110\Tools\Binn\;C:\Program Files\Microsoft SQL Server\110\Tools\Binn\;C:\Program Files (x86)\Microsoft Visual Studio 10.0\Common7\IDE\PrivateAssemblies\;C:\Program Files (x86)\Microsoft SQL Server\110\DTS\Binn\;C:\Program Files (x86)\NVIDIA Corporation\PhysX\Common;D:\maven\apache-maven-3.5.4\bin;D:\JDK1.8\bin;D:\JDK1.8\jre\bin;D:\Tomcat9\apache-tomcat-9.0.10\bin;D:\Tomcat9\apache-tomcat-9.0.10\lib;C:\Android;D:\TortoiseSVN\bin;D:\php;D:\BaiduYunDownload;;C:\Program Files\NVIDIA Corporation\NVIDIA NvDLISR;C:\Users\ZwZѽѽӴ\AppData\Local\Microsoft\WindowsApps;
USERNAME=ZwZ1998
OS=Windows_NT
PROCESSOR_IDENTIFIER=Intel64 Family 6 Model 61 Stepping 4, GenuineIntel



---------------  S Y S T E M  ---------------

OS: Windows 10.0 , 64 bit Build 15063 (10.0.15063.0)

CPU:total 4 (initial active 4) (2 cores per cpu, 2 threads per core) family 6 model 61 stepping 4, cmov, cx8, fxsr, mmx, sse, sse2, sse3, ssse3, sse4.1, sse4.2, popcnt, avx, avx2, aes, clmul, erms, 3dnowpref, lzcnt, ht, tsc, tscinvbit, bmi1, bmi2, adx

Memory: 4k page, physical 8298376k(1509760k free), swap 15900552k(7718412k free)

vm_info: Java HotSpot(TM) 64-Bit Server VM (25.181-b13) for windows-amd64 JRE (1.8.0_181-b13), built on Jul  7 2018 04:01:33 by "java_re" with MS VC++ 10.0 (VS2010)

time: Thu Jan 30 22:15:11 2020
elapsed time: 205 seconds (0d 0h 3m 25s)

